2026-04-27 10:55:25,670 | INFO | train | request_id=6b962206b829 | fund_code=018956 | task_id=train_018956_161ae5cf89 | stage=feature_build_success | model_feature_columns_selected count=191 cols=['daily_growth_pct', 'fund_ret', 'fund_ret_lag1', 'fund_ret_lag2', 'fund_ret_lag3', 'fund_ret_lag5', 'fund_ret_lag10', 'fund_ret_mean_5', 'fund_ret_std_5', 'fund_mom_5', 'fund_ret_mean_10', 'fund_ret_std_10', 'fund_mom_10', 'fund_ret_mean_20', 'fund_ret_std_20', 'fund_mom_20', 'fund_ret_mean_60', 'fund_ret_std_60', 'fund_mom_60', 'fund_drawdown_20', 'fund_drawdown_60', 'recent_max_gain_20', 'recent_max_loss_20', 'up_days_5', 'down_days_5', 'consecutive_up_days', 'consecutive_down_days', 'hs300_ret', 'hs300_ret_lag1', 'hs300_ret_mean_5']
2026-04-27 10:55:25,670 | INFO | train | request_id=6b962206b829 | fund_code=018956 | task_id=train_018956_161ae5cf89 | stage=feature_build_success | leakage_check_passed fund_code=018956
2026-04-27 10:55:25,671 | INFO | train | request_id=6b962206b829 | fund_code=018956 | task_id=train_018956_161ae5cf89 | stage=point_model_train_start | point_model_train_start mode=fast
2026-04-27 10:57:41,212 | INFO | train | request_id=6b962206b829 | fund_code=018956 | task_id=train_018956_161ae5cf89 | stage=baseline_eval_start | baseline_eval_start
2026-04-27 10:57:41,244 | INFO | train | request_id=6b962206b829 | fund_code=018956 | task_id=train_018956_161ae5cf89 | stage=baseline_eval_success | baseline_eval_success
2026-04-27 10:57:43,862 | INFO | train | request_id=6b962206b829 | fund_code=018956 | task_id=train_018956_161ae5cf89 | stage=point_model_train_success | point_model_train_success model=bayesian_ridge selector=mi_top10
2026-04-27 10:57:43,864 | INFO | train | request_id=6b962206b829 | fund_code=018956 | task_id=train_018956_161ae5cf89 | stage=proxy_feature_gain_eval_start | proxy_feature_gain_eval_start
2026-04-27 10:57:44,102 | INFO | train | request_id=6b962206b829 | fund_code=018956 | task_id=train_018956_161ae5cf89 | stage=proxy_feature_gain_eval_success | proxy_feature_gain_eval_success helpful=True gain={'rmse_improvement': 0.00022380434279697936, 'mae_improvement': 0.00016000162324681516, 'corr_improvement': 0.07899463396729414, 'std_ratio_improvement': -0.005759520982436012, 'mean_baseline_improvement_delta': 0.007869476812334303}
2026-04-27 10:57:44,103 | INFO | train | request_id=6b962206b829 | fund_code=018956 | task_id=train_018956_161ae5cf89 | stage=direction_model_train_start | direction_model_train_start
2026-04-27 10:57:44,152 | INFO | train | request_id=6b962206b829 | fund_code=018956 | task_id=train_018956_161ae5cf89 | stage=direction_model_calibration_start | direction_model_calibration_start
2026-04-27 10:57:44,172 | INFO | train | request_id=6b962206b829 | fund_code=018956 | task_id=train_018956_161ae5cf89 | stage=direction_model_calibration_success | direction_model_calibration_success
2026-04-27 10:57:44,241 | INFO | train | request_id=6b962206b829 | fund_code=018956 | task_id=train_018956_161ae5cf89 | stage=direction_model_calibration_start | direction_model_calibration_start
2026-04-27 10:57:44,255 | INFO | train | request_id=6b962206b829 | fund_code=018956 | task_id=train_018956_161ae5cf89 | stage=direction_model_calibration_success | direction_model_calibration_success
2026-04-27 10:57:44,277 | INFO | train | request_id=6b962206b829 | fund_code=018956 | task_id=train_018956_161ae5cf89 | stage=direction_model_calibration_start | direction_model_calibration_start
2026-04-27 10:57:44,292 | INFO | train | request_id=6b962206b829 | fund_code=018956 | task_id=train_018956_161ae5cf89 | stage=direction_model_calibration_success | direction_model_calibration_success
2026-04-27 10:57:44,325 | INFO | train | request_id=6b962206b829 | fund_code=018956 | task_id=train_018956_161ae5cf89 | stage=direction_model_calibration_start | direction_model_calibration_start
2026-04-27 10:57:44,340 | INFO | train | request_id=6b962206b829 | fund_code=018956 | task_id=train_018956_161ae5cf89 | stage=direction_model_calibration_success | direction_model_calibration_success
2026-04-27 10:57:44,364 | INFO | train | request_id=6b962206b829 | fund_code=018956 | task_id=train_018956_161ae5cf89 | stage=direction_model_calibration_start | direction_model_calibration_start
2026-04-27 10:57:44,379 | INFO | train | request_id=6b962206b829 | fund_code=018956 | task_id=train_018956_161ae5cf89 | stage=direction_model_calibration_success | direction_model_calibration_success
2026-04-27 10:57:44,413 | INFO | train | request_id=6b962206b829 | fund_code=018956 | task_id=train_018956_161ae5cf89 | stage=direction_model_calibration_start | direction_model_calibration_start
2026-04-27 10:57:44,429 | INFO | train | request_id=6b962206b829 | fund_code=018956 | task_id=train_018956_161ae5cf89 | stage=direction_model_calibration_success | direction_model_calibration_success
2026-04-27 10:57:44,456 | INFO | train | request_id=6b962206b829 | fund_code=018956 | task_id=train_018956_161ae5cf89 | stage=direction_model_calibration_start | direction_model_calibration_start
2026-04-27 10:57:44,472 | INFO | train | request_id=6b962206b829 | fund_code=018956 | task_id=train_018956_161ae5cf89 | stage=direction_model_calibration_success | direction_model_calibration_success
2026-04-27 10:57:44,514 | INFO | train | request_id=6b962206b829 | fund_code=018956 | task_id=train_018956_161ae5cf89 | stage=direction_model_calibration_start | direction_model_calibration_start
2026-04-27 10:57:44,531 | INFO | train | request_id=6b962206b829 | fund_code=018956 | task_id=train_018956_161ae5cf89 | stage=direction_model_calibration_success | direction_model_calibration_success
2026-04-27 10:57:44,894 | INFO | train | request_id=6b962206b829 | fund_code=018956 | task_id=train_018956_161ae5cf89 | stage=direction_model_calibration_start | direction_model_calibration_start
2026-04-27 10:57:44,910 | INFO | train | request_id=6b962206b829 | fund_code=018956 | task_id=train_018956_161ae5cf89 | stage=direction_model_calibration_success | direction_model_calibration_success
2026-04-27 10:57:45,271 | INFO | train | request_id=6b962206b829 | fund_code=018956 | task_id=train_018956_161ae5cf89 | stage=direction_model_calibration_start | direction_model_calibration_start
2026-04-27 10:57:45,285 | INFO | train | request_id=6b962206b829 | fund_code=018956 | task_id=train_018956_161ae5cf89 | stage=direction_model_calibration_success | direction_model_calibration_success
2026-04-27 10:57:45,645 | INFO | train | request_id=6b962206b829 | fund_code=018956 | task_id=train_018956_161ae5cf89 | stage=direction_model_calibration_start | direction_model_calibration_start
2026-04-27 10:57:45,661 | INFO | train | request_id=6b962206b829 | fund_code=018956 | task_id=train_018956_161ae5cf89 | stage=direction_model_calibration_success | direction_model_calibration_success
2026-04-27 10:57:46,053 | INFO | train | request_id=6b962206b829 | fund_code=018956 | task_id=train_018956_161ae5cf89 | stage=direction_model_calibration_start | direction_model_calibration_start
2026-04-27 10:57:46,071 | INFO | train | request_id=6b962206b829 | fund_code=018956 | task_id=train_018956_161ae5cf89 | stage=direction_model_calibration_success | direction_model_calibration_success
2026-04-27 10:57:46,482 | INFO | train | request_id=6b962206b829 | fund_code=018956 | task_id=train_018956_161ae5cf89 | stage=direction_model_calibration_start | direction_model_calibration_start
2026-04-27 10:57:46,498 | INFO | train | request_id=6b962206b829 | fund_code=018956 | task_id=train_018956_161ae5cf89 | stage=direction_model_calibration_success | direction_model_calibration_success
2026-04-27 10:57:46,883 | INFO | train | request_id=6b962206b829 | fund_code=018956 | task_id=train_018956_161ae5cf89 | stage=direction_model_calibration_start | direction_model_calibration_start
2026-04-27 10:57:46,898 | INFO | train | request_id=6b962206b829 | fund_code=018956 | task_id=train_018956_161ae5cf89 | stage=direction_model_calibration_success | direction_model_calibration_success
2026-04-27 10:57:47,064 | INFO | train | request_id=6b962206b829 | fund_code=018956 | task_id=train_018956_161ae5cf89 | stage=direction_model_calibration_start | direction_model_calibration_start
2026-04-27 10:57:47,221 | INFO | train | request_id=6b962206b829 | fund_code=018956 | task_id=train_018956_161ae5cf89 | stage=direction_model_calibration_success | direction_model_calibration_success
2026-04-27 10:57:47,432 | INFO | train | request_id=6b962206b829 | fund_code=018956 | task_id=train_018956_161ae5cf89 | stage=direction_model_calibration_start | direction_model_calibration_start
2026-04-27 10:57:47,597 | INFO | train | request_id=6b962206b829 | fund_code=018956 | task_id=train_018956_161ae5cf89 | stage=direction_model_calibration_success | direction_model_calibration_success
2026-04-27 10:57:47,806 | INFO | train | request_id=6b962206b829 | fund_code=018956 | task_id=train_018956_161ae5cf89 | stage=direction_model_calibration_start | direction_model_calibration_start
2026-04-27 10:57:47,975 | INFO | train | request_id=6b962206b829 | fund_code=018956 | task_id=train_018956_161ae5cf89 | stage=direction_model_calibration_success | direction_model_calibration_success
2026-04-27 10:57:48,217 | INFO | train | request_id=6b962206b829 | fund_code=018956 | task_id=train_018956_161ae5cf89 | stage=direction_model_calibration_start | direction_model_calibration_start
2026-04-27 10:57:48,385 | INFO | train | request_id=6b962206b829 | fund_code=018956 | task_id=train_018956_161ae5cf89 | stage=direction_model_calibration_success | direction_model_calibration_success
2026-04-27 10:57:48,645 | INFO | train | request_id=6b962206b829 | fund_code=018956 | task_id=train_018956_161ae5cf89 | stage=direction_model_calibration_start | direction_model_calibration_start
2026-04-27 10:57:48,809 | INFO | train | request_id=6b962206b829 | fund_code=018956 | task_id=train_018956_161ae5cf89 | stage=direction_model_calibration_success | direction_model_calibration_success
2026-04-27 10:57:49,047 | INFO | train | request_id=6b962206b829 | fund_code=018956 | task_id=train_018956_161ae5cf89 | stage=direction_model_calibration_start | direction_model_calibration_start
2026-04-27 10:57:49,215 | INFO | train | request_id=6b962206b829 | fund_code=018956 | task_id=train_018956_161ae5cf89 | stage=direction_model_calibration_success | direction_model_calibration_success
2026-04-27 10:57:49,438 | INFO | train | request_id=6b962206b829 | fund_code=018956 | task_id=train_018956_161ae5cf89 | stage=direction_model_calibration_start | direction_model_calibration_start
2026-04-27 10:57:49,601 | INFO | train | request_id=6b962206b829 | fund_code=018956 | task_id=train_018956_161ae5cf89 | stage=direction_model_calibration_success | direction_model_calibration_success
2026-04-27 10:57:49,844 | INFO | train | request_id=6b962206b829 | fund_code=018956 | task_id=train_018956_161ae5cf89 | stage=direction_model_calibration_start | direction_model_calibration_start
2026-04-27 10:57:50,014 | INFO | train | request_id=6b962206b829 | fund_code=018956 | task_id=train_018956_161ae5cf89 | stage=direction_model_calibration_success | direction_model_calibration_success
2026-04-27 10:57:50,608 | INFO | train | request_id=6b962206b829 | fund_code=018956 | task_id=train_018956_161ae5cf89 | stage=direction_model_calibration_start | direction_model_calibration_start
2026-04-27 10:57:50,815 | INFO | train | request_id=6b962206b829 | fund_code=018956 | task_id=train_018956_161ae5cf89 | stage=direction_model_calibration_success | direction_model_calibration_success
2026-04-27 10:57:51,410 | INFO | train | request_id=6b962206b829 | fund_code=018956 | task_id=train_018956_161ae5cf89 | stage=direction_model_calibration_start | direction_model_calibration_start
2026-04-27 10:57:51,582 | INFO | train | request_id=6b962206b829 | fund_code=018956 | task_id=train_018956_161ae5cf89 | stage=direction_model_calibration_success | direction_model_calibration_success
2026-04-27 10:57:52,164 | INFO | train | request_id=6b962206b829 | fund_code=018956 | task_id=train_018956_161ae5cf89 | stage=direction_model_calibration_start | direction_model_calibration_start
2026-04-27 10:57:52,321 | INFO | train | request_id=6b962206b829 | fund_code=018956 | task_id=train_018956_161ae5cf89 | stage=direction_model_calibration_success | direction_model_calibration_success
2026-04-27 10:57:53,025 | INFO | train | request_id=6b962206b829 | fund_code=018956 | task_id=train_018956_161ae5cf89 | stage=direction_model_calibration_start | direction_model_calibration_start
2026-04-27 10:57:53,254 | INFO | train | request_id=6b962206b829 | fund_code=018956 | task_id=train_018956_161ae5cf89 | stage=direction_model_calibration_success | direction_model_calibration_success
2026-04-27 10:57:53,880 | INFO | train | request_id=6b962206b829 | fund_code=018956 | task_id=train_018956_161ae5cf89 | stage=direction_model_calibration_start | direction_model_calibration_start
2026-04-27 10:57:54,045 | INFO | train | request_id=6b962206b829 | fund_code=018956 | task_id=train_018956_161ae5cf89 | stage=direction_model_calibration_success | direction_model_calibration_success
2026-04-27 10:57:54,649 | INFO | train | request_id=6b962206b829 | fund_code=018956 | task_id=train_018956_161ae5cf89 | stage=direction_model_calibration_start | direction_model_calibration_start
2026-04-27 10:57:54,849 | INFO | train | request_id=6b962206b829 | fund_code=018956 | task_id=train_018956_161ae5cf89 | stage=direction_model_calibration_success | direction_model_calibration_success
2026-04-27 10:57:55,150 | INFO | train | request_id=6b962206b829 | fund_code=018956 | task_id=train_018956_161ae5cf89 | stage=direction_model_calibration_start | direction_model_calibration_start
2026-04-27 10:57:55,366 | INFO | train | request_id=6b962206b829 | fund_code=018956 | task_id=train_018956_161ae5cf89 | stage=direction_model_calibration_success | direction_model_calibration_success
2026-04-27 10:57:55,757 | INFO | train | request_id=6b962206b829 | fund_code=018956 | task_id=train_018956_161ae5cf89 | stage=direction_model_calibration_start | direction_model_calibration_start
2026-04-27 10:57:55,937 | INFO | train | request_id=6b962206b829 | fund_code=018956 | task_id=train_018956_161ae5cf89 | stage=direction_model_calibration_success | direction_model_calibration_success
2026-04-27 10:57:56,207 | INFO | train | request_id=6b962206b829 | fund_code=018956 | task_id=train_018956_161ae5cf89 | stage=direction_model_calibration_start | direction_model_calibration_start
2026-04-27 10:57:56,388 | INFO | train | request_id=6b962206b829 | fund_code=018956 | task_id=train_018956_161ae5cf89 | stage=direction_model_calibration_success | direction_model_calibration_success
2026-04-27 10:57:56,690 | INFO | train | request_id=6b962206b829 | fund_code=018956 | task_id=train_018956_161ae5cf89 | stage=direction_model_calibration_start | direction_model_calibration_start
2026-04-27 10:57:56,860 | INFO | train | request_id=6b962206b829 | fund_code=018956 | task_id=train_018956_161ae5cf89 | stage=direction_model_calibration_success | direction_model_calibration_success
2026-04-27 10:57:57,099 | INFO | train | request_id=6b962206b829 | fund_code=018956 | task_id=train_018956_161ae5cf89 | stage=direction_model_calibration_start | direction_model_calibration_start
2026-04-27 10:57:57,262 | INFO | train | request_id=6b962206b829 | fund_code=018956 | task_id=train_018956_161ae5cf89 | stage=direction_model_calibration_success | direction_model_calibration_success
2026-04-27 10:57:57,554 | INFO | train | request_id=6b962206b829 | fund_code=018956 | task_id=train_018956_161ae5cf89 | stage=direction_model_calibration_start | direction_model_calibration_start
2026-04-27 10:57:57,728 | INFO | train | request_id=6b962206b829 | fund_code=018956 | task_id=train_018956_161ae5cf89 | stage=direction_model_calibration_success | direction_model_calibration_success
2026-04-27 10:57:57,991 | INFO | train | request_id=6b962206b829 | fund_code=018956 | task_id=train_018956_161ae5cf89 | stage=direction_model_calibration_start | direction_model_calibration_start
2026-04-27 10:57:58,157 | INFO | train | request_id=6b962206b829 | fund_code=018956 | task_id=train_018956_161ae5cf89 | stage=direction_model_calibration_success | direction_model_calibration_success
2026-04-27 10:57:58,440 | INFO | train | request_id=6b962206b829 | fund_code=018956 | task_id=train_018956_161ae5cf89 | stage=direction_model_calibration_start | direction_model_calibration_start
2026-04-27 10:57:58,614 | INFO | train | request_id=6b962206b829 | fund_code=018956 | task_id=train_018956_161ae5cf89 | stage=direction_model_calibration_success | direction_model_calibration_success
2026-04-27 10:57:59,225 | INFO | train | request_id=6b962206b829 | fund_code=018956 | task_id=train_018956_161ae5cf89 | stage=direction_model_calibration_start | direction_model_calibration_start
2026-04-27 10:57:59,389 | INFO | train | request_id=6b962206b829 | fund_code=018956 | task_id=train_018956_161ae5cf89 | stage=direction_model_calibration_success | direction_model_calibration_success
2026-04-27 10:58:00,019 | INFO | train | request_id=6b962206b829 | fund_code=018956 | task_id=train_018956_161ae5cf89 | stage=direction_model_calibration_start | direction_model_calibration_start
2026-04-27 10:58:00,190 | INFO | train | request_id=6b962206b829 | fund_code=018956 | task_id=train_018956_161ae5cf89 | stage=direction_model_calibration_success | direction_model_calibration_success
2026-04-27 10:58:00,806 | INFO | train | request_id=6b962206b829 | fund_code=018956 | task_id=train_018956_161ae5cf89 | stage=direction_model_calibration_start | direction_model_calibration_start
2026-04-27 10:58:00,971 | INFO | train | request_id=6b962206b829 | fund_code=018956 | task_id=train_018956_161ae5cf89 | stage=direction_model_calibration_success | direction_model_calibration_success
2026-04-27 10:58:01,552 | INFO | train | request_id=6b962206b829 | fund_code=018956 | task_id=train_018956_161ae5cf89 | stage=direction_model_calibration_start | direction_model_calibration_start
2026-04-27 10:58:01,718 | INFO | train | request_id=6b962206b829 | fund_code=018956 | task_id=train_018956_161ae5cf89 | stage=direction_model_calibration_success | direction_model_calibration_success
2026-04-27 10:58:02,332 | INFO | train | request_id=6b962206b829 | fund_code=018956 | task_id=train_018956_161ae5cf89 | stage=direction_model_calibration_start | direction_model_calibration_start
2026-04-27 10:58:02,500 | INFO | train | request_id=6b962206b829 | fund_code=018956 | task_id=train_018956_161ae5cf89 | stage=direction_model_calibration_success | direction_model_calibration_success
2026-04-27 10:58:03,092 | INFO | train | request_id=6b962206b829 | fund_code=018956 | task_id=train_018956_161ae5cf89 | stage=direction_model_calibration_start | direction_model_calibration_start
2026-04-27 10:58:03,257 | INFO | train | request_id=6b962206b829 | fund_code=018956 | task_id=train_018956_161ae5cf89 | stage=direction_model_calibration_success | direction_model_calibration_success
2026-04-27 10:58:03,806 | INFO | train | request_id=6b962206b829 | fund_code=018956 | task_id=train_018956_161ae5cf89 | stage=direction_model_calibration_start | direction_model_calibration_start
2026-04-27 10:58:03,837 | INFO | train | request_id=6b962206b829 | fund_code=018956 | task_id=train_018956_161ae5cf89 | stage=direction_model_calibration_success | direction_model_calibration_success
2026-04-27 10:58:04,302 | INFO | train | request_id=6b962206b829 | fund_code=018956 | task_id=train_018956_161ae5cf89 | stage=direction_model_calibration_start | direction_model_calibration_start
2026-04-27 10:58:04,339 | INFO | train | request_id=6b962206b829 | fund_code=018956 | task_id=train_018956_161ae5cf89 | stage=direction_model_calibration_success | direction_model_calibration_success
2026-04-27 10:58:04,624 | INFO | train | request_id=6b962206b829 | fund_code=018956 | task_id=train_018956_161ae5cf89 | stage=direction_model_calibration_start | direction_model_calibration_start
2026-04-27 10:58:04,661 | INFO | train | request_id=6b962206b829 | fund_code=018956 | task_id=train_018956_161ae5cf89 | stage=direction_model_calibration_success | direction_model_calibration_success
2026-04-27 10:58:04,916 | INFO | train | request_id=6b962206b829 | fund_code=018956 | task_id=train_018956_161ae5cf89 | stage=direction_model_calibration_start | direction_model_calibration_start
2026-04-27 10:58:04,951 | INFO | train | request_id=6b962206b829 | fund_code=018956 | task_id=train_018956_161ae5cf89 | stage=direction_model_calibration_success | direction_model_calibration_success
2026-04-27 10:58:05,172 | INFO | train | request_id=6b962206b829 | fund_code=018956 | task_id=train_018956_161ae5cf89 | stage=direction_model_calibration_start | direction_model_calibration_start
2026-04-27 10:58:05,204 | INFO | train | request_id=6b962206b829 | fund_code=018956 | task_id=train_018956_161ae5cf89 | stage=direction_model_calibration_success | direction_model_calibration_success
2026-04-27 10:58:05,416 | INFO | train | request_id=6b962206b829 | fund_code=018956 | task_id=train_018956_161ae5cf89 | stage=direction_model_calibration_start | direction_model_calibration_start
2026-04-27 10:58:05,443 | INFO | train | request_id=6b962206b829 | fund_code=018956 | task_id=train_018956_161ae5cf89 | stage=direction_model_calibration_success | direction_model_calibration_success
2026-04-27 10:58:05,629 | INFO | train | request_id=6b962206b829 | fund_code=018956 | task_id=train_018956_161ae5cf89 | stage=direction_model_calibration_start | direction_model_calibration_start
2026-04-27 10:58:05,657 | INFO | train | request_id=6b962206b829 | fund_code=018956 | task_id=train_018956_161ae5cf89 | stage=direction_model_calibration_success | direction_model_calibration_success
2026-04-27 10:58:05,851 | INFO | train | request_id=6b962206b829 | fund_code=018956 | task_id=train_018956_161ae5cf89 | stage=direction_model_calibration_start | direction_model_calibration_start
2026-04-27 10:58:05,880 | INFO | train | request_id=6b962206b829 | fund_code=018956 | task_id=train_018956_161ae5cf89 | stage=direction_model_calibration_success | direction_model_calibration_success
2026-04-27 10:58:06,379 | INFO | train | request_id=6b962206b829 | fund_code=018956 | task_id=train_018956_161ae5cf89 | stage=direction_model_calibration_start | direction_model_calibration_start
2026-04-27 10:58:06,405 | INFO | train | request_id=6b962206b829 | fund_code=018956 | task_id=train_018956_161ae5cf89 | stage=direction_model_calibration_success | direction_model_calibration_success
2026-04-27 10:58:06,926 | INFO | train | request_id=6b962206b829 | fund_code=018956 | task_id=train_018956_161ae5cf89 | stage=direction_model_calibration_start | direction_model_calibration_start
2026-04-27 10:58:06,954 | INFO | train | request_id=6b962206b829 | fund_code=018956 | task_id=train_018956_161ae5cf89 | stage=direction_model_calibration_success | direction_model_calibration_success
2026-04-27 10:58:07,452 | INFO | train | request_id=6b962206b829 | fund_code=018956 | task_id=train_018956_161ae5cf89 | stage=direction_model_calibration_start | direction_model_calibration_start
2026-04-27 10:58:07,479 | INFO | train | request_id=6b962206b829 | fund_code=018956 | task_id=train_018956_161ae5cf89 | stage=direction_model_calibration_success | direction_model_calibration_success
2026-04-27 10:58:08,008 | INFO | train | request_id=6b962206b829 | fund_code=018956 | task_id=train_018956_161ae5cf89 | stage=direction_model_calibration_start | direction_model_calibration_start
2026-04-27 10:58:08,035 | INFO | train | request_id=6b962206b829 | fund_code=018956 | task_id=train_018956_161ae5cf89 | stage=direction_model_calibration_success | direction_model_calibration_success
2026-04-27 10:58:08,571 | INFO | train | request_id=6b962206b829 | fund_code=018956 | task_id=train_018956_161ae5cf89 | stage=direction_model_calibration_start | direction_model_calibration_start
2026-04-27 10:58:08,598 | INFO | train | request_id=6b962206b829 | fund_code=018956 | task_id=train_018956_161ae5cf89 | stage=direction_model_calibration_success | direction_model_calibration_success
2026-04-27 10:58:09,165 | INFO | train | request_id=6b962206b829 | fund_code=018956 | task_id=train_018956_161ae5cf89 | stage=direction_model_calibration_start | direction_model_calibration_start
2026-04-27 10:58:09,191 | INFO | train | request_id=6b962206b829 | fund_code=018956 | task_id=train_018956_161ae5cf89 | stage=direction_model_calibration_success | direction_model_calibration_success
2026-04-27 10:58:09,405 | INFO | train | request_id=6b962206b829 | fund_code=018956 | task_id=train_018956_161ae5cf89 | stage=direction_model_calibration_start | direction_model_calibration_start
2026-04-27 10:58:09,436 | INFO | train | request_id=6b962206b829 | fund_code=018956 | task_id=train_018956_161ae5cf89 | stage=direction_model_calibration_success | direction_model_calibration_success
2026-04-27 10:58:09,719 | INFO | train | request_id=6b962206b829 | fund_code=018956 | task_id=train_018956_161ae5cf89 | stage=direction_model_calibration_start | direction_model_calibration_start
2026-04-27 10:58:09,754 | INFO | train | request_id=6b962206b829 | fund_code=018956 | task_id=train_018956_161ae5cf89 | stage=direction_model_calibration_success | direction_model_calibration_success
2026-04-27 10:58:09,820 | INFO | train | request_id=6b962206b829 | fund_code=018956 | task_id=train_018956_161ae5cf89 | stage=direction_model_calibration_start | direction_model_calibration_start
2026-04-27 10:58:09,852 | INFO | train | request_id=6b962206b829 | fund_code=018956 | task_id=train_018956_161ae5cf89 | stage=direction_model_calibration_success | direction_model_calibration_success
2026-04-27 10:58:09,953 | INFO | train | request_id=6b962206b829 | fund_code=018956 | task_id=train_018956_161ae5cf89 | stage=direction_model_calibration_start | direction_model_calibration_start
2026-04-27 10:58:09,984 | INFO | train | request_id=6b962206b829 | fund_code=018956 | task_id=train_018956_161ae5cf89 | stage=direction_model_calibration_success | direction_model_calibration_success
2026-04-27 10:58:10,065 | INFO | train | request_id=6b962206b829 | fund_code=018956 | task_id=train_018956_161ae5cf89 | stage=direction_model_calibration_start | direction_model_calibration_start
2026-04-27 10:58:10,102 | INFO | train | request_id=6b962206b829 | fund_code=018956 | task_id=train_018956_161ae5cf89 | stage=direction_model_calibration_success | direction_model_calibration_success
2026-04-27 10:58:10,197 | INFO | train | request_id=6b962206b829 | fund_code=018956 | task_id=train_018956_161ae5cf89 | stage=direction_model_calibration_start | direction_model_calibration_start
2026-04-27 10:58:10,228 | INFO | train | request_id=6b962206b829 | fund_code=018956 | task_id=train_018956_161ae5cf89 | stage=direction_model_calibration_success | direction_model_calibration_success
2026-04-27 10:58:10,319 | INFO | train | request_id=6b962206b829 | fund_code=018956 | task_id=train_018956_161ae5cf89 | stage=direction_model_calibration_start | direction_model_calibration_start
2026-04-27 10:58:10,350 | INFO | train | request_id=6b962206b829 | fund_code=018956 | task_id=train_018956_161ae5cf89 | stage=direction_model_calibration_success | direction_model_calibration_success
2026-04-27 10:58:10,462 | INFO | train | request_id=6b962206b829 | fund_code=018956 | task_id=train_018956_161ae5cf89 | stage=direction_model_calibration_start | direction_model_calibration_start
2026-04-27 10:58:10,493 | INFO | train | request_id=6b962206b829 | fund_code=018956 | task_id=train_018956_161ae5cf89 | stage=direction_model_calibration_success | direction_model_calibration_success
2026-04-27 10:58:10,969 | INFO | train | request_id=6b962206b829 | fund_code=018956 | task_id=train_018956_161ae5cf89 | stage=direction_model_calibration_start | direction_model_calibration_start
2026-04-27 10:58:10,998 | INFO | train | request_id=6b962206b829 | fund_code=018956 | task_id=train_018956_161ae5cf89 | stage=direction_model_calibration_success | direction_model_calibration_success
2026-04-27 10:58:11,502 | INFO | train | request_id=6b962206b829 | fund_code=018956 | task_id=train_018956_161ae5cf89 | stage=direction_model_calibration_start | direction_model_calibration_start
2026-04-27 10:58:11,541 | INFO | train | request_id=6b962206b829 | fund_code=018956 | task_id=train_018956_161ae5cf89 | stage=direction_model_calibration_success | direction_model_calibration_success
2026-04-27 10:58:12,067 | INFO | train | request_id=6b962206b829 | fund_code=018956 | task_id=train_018956_161ae5cf89 | stage=direction_model_calibration_start | direction_model_calibration_start
2026-04-27 10:58:12,105 | INFO | train | request_id=6b962206b829 | fund_code=018956 | task_id=train_018956_161ae5cf89 | stage=direction_model_calibration_success | direction_model_calibration_success
2026-04-27 10:58:12,640 | INFO | train | request_id=6b962206b829 | fund_code=018956 | task_id=train_018956_161ae5cf89 | stage=direction_model_calibration_start | direction_model_calibration_start
2026-04-27 10:58:12,675 | INFO | train | request_id=6b962206b829 | fund_code=018956 | task_id=train_018956_161ae5cf89 | stage=direction_model_calibration_success | direction_model_calibration_success
2026-04-27 10:58:13,224 | INFO | train | request_id=6b962206b829 | fund_code=018956 | task_id=train_018956_161ae5cf89 | stage=direction_model_calibration_start | direction_model_calibration_start
2026-04-27 10:58:13,257 | INFO | train | request_id=6b962206b829 | fund_code=018956 | task_id=train_018956_161ae5cf89 | stage=direction_model_calibration_success | direction_model_calibration_success
2026-04-27 10:58:13,823 | INFO | train | request_id=6b962206b829 | fund_code=018956 | task_id=train_018956_161ae5cf89 | stage=direction_model_calibration_start | direction_model_calibration_start
2026-04-27 10:58:13,860 | INFO | train | request_id=6b962206b829 | fund_code=018956 | task_id=train_018956_161ae5cf89 | stage=direction_model_calibration_success | direction_model_calibration_success
2026-04-27 10:58:13,979 | INFO | train | request_id=6b962206b829 | fund_code=018956 | task_id=train_018956_161ae5cf89 | stage=direction_model_calibration_start | direction_model_calibration_start
2026-04-27 10:58:14,021 | INFO | train | request_id=6b962206b829 | fund_code=018956 | task_id=train_018956_161ae5cf89 | stage=direction_model_calibration_success | direction_model_calibration_success
2026-04-27 10:58:14,160 | INFO | train | request_id=6b962206b829 | fund_code=018956 | task_id=train_018956_161ae5cf89 | stage=direction_model_calibration_start | direction_model_calibration_start
2026-04-27 10:58:14,197 | INFO | train | request_id=6b962206b829 | fund_code=018956 | task_id=train_018956_161ae5cf89 | stage=direction_model_calibration_success | direction_model_calibration_success
2026-04-27 10:58:14,254 | INFO | train | request_id=6b962206b829 | fund_code=018956 | task_id=train_018956_161ae5cf89 | stage=direction_model_calibration_start | direction_model_calibration_start
2026-04-27 10:58:14,290 | INFO | train | request_id=6b962206b829 | fund_code=018956 | task_id=train_018956_161ae5cf89 | stage=direction_model_calibration_success | direction_model_calibration_success
2026-04-27 10:58:14,365 | INFO | train | request_id=6b962206b829 | fund_code=018956 | task_id=train_018956_161ae5cf89 | stage=direction_model_calibration_start | direction_model_calibration_start
2026-04-27 10:58:14,401 | INFO | train | request_id=6b962206b829 | fund_code=018956 | task_id=train_018956_161ae5cf89 | stage=direction_model_calibration_success | direction_model_calibration_success
2026-04-27 10:58:14,461 | INFO | train | request_id=6b962206b829 | fund_code=018956 | task_id=train_018956_161ae5cf89 | stage=direction_model_calibration_start | direction_model_calibration_start
2026-04-27 10:58:14,503 | INFO | train | request_id=6b962206b829 | fund_code=018956 | task_id=train_018956_161ae5cf89 | stage=direction_model_calibration_success | direction_model_calibration_success
2026-04-27 10:58:14,586 | INFO | train | request_id=6b962206b829 | fund_code=018956 | task_id=train_018956_161ae5cf89 | stage=direction_model_calibration_start | direction_model_calibration_start
2026-04-27 10:58:14,623 | INFO | train | request_id=6b962206b829 | fund_code=018956 | task_id=train_018956_161ae5cf89 | stage=direction_model_calibration_success | direction_model_calibration_success
2026-04-27 10:58:14,687 | INFO | train | request_id=6b962206b829 | fund_code=018956 | task_id=train_018956_161ae5cf89 | stage=direction_model_calibration_start | direction_model_calibration_start
2026-04-27 10:58:14,728 | INFO | train | request_id=6b962206b829 | fund_code=018956 | task_id=train_018956_161ae5cf89 | stage=direction_model_calibration_success | direction_model_calibration_success
2026-04-27 10:58:14,816 | INFO | train | request_id=6b962206b829 | fund_code=018956 | task_id=train_018956_161ae5cf89 | stage=direction_model_calibration_start | direction_model_calibration_start
2026-04-27 10:58:14,852 | INFO | train | request_id=6b962206b829 | fund_code=018956 | task_id=train_018956_161ae5cf89 | stage=direction_model_calibration_success | direction_model_calibration_success
2026-04-27 10:58:15,330 | INFO | train | request_id=6b962206b829 | fund_code=018956 | task_id=train_018956_161ae5cf89 | stage=direction_model_calibration_start | direction_model_calibration_start
2026-04-27 10:58:15,366 | INFO | train | request_id=6b962206b829 | fund_code=018956 | task_id=train_018956_161ae5cf89 | stage=direction_model_calibration_success | direction_model_calibration_success
2026-04-27 10:58:15,863 | INFO | train | request_id=6b962206b829 | fund_code=018956 | task_id=train_018956_161ae5cf89 | stage=direction_model_calibration_start | direction_model_calibration_start
2026-04-27 10:58:15,900 | INFO | train | request_id=6b962206b829 | fund_code=018956 | task_id=train_018956_161ae5cf89 | stage=direction_model_calibration_success | direction_model_calibration_success
2026-04-27 10:58:16,372 | INFO | train | request_id=6b962206b829 | fund_code=018956 | task_id=train_018956_161ae5cf89 | stage=direction_model_calibration_start | direction_model_calibration_start
2026-04-27 10:58:16,410 | INFO | train | request_id=6b962206b829 | fund_code=018956 | task_id=train_018956_161ae5cf89 | stage=direction_model_calibration_success | direction_model_calibration_success
2026-04-27 10:58:16,923 | INFO | train | request_id=6b962206b829 | fund_code=018956 | task_id=train_018956_161ae5cf89 | stage=direction_model_calibration_start | direction_model_calibration_start
2026-04-27 10:58:16,963 | INFO | train | request_id=6b962206b829 | fund_code=018956 | task_id=train_018956_161ae5cf89 | stage=direction_model_calibration_success | direction_model_calibration_success
2026-04-27 10:58:17,461 | INFO | train | request_id=6b962206b829 | fund_code=018956 | task_id=train_018956_161ae5cf89 | stage=direction_model_calibration_start | direction_model_calibration_start
2026-04-27 10:58:17,498 | INFO | train | request_id=6b962206b829 | fund_code=018956 | task_id=train_018956_161ae5cf89 | stage=direction_model_calibration_success | direction_model_calibration_success
2026-04-27 10:58:18,019 | INFO | train | request_id=6b962206b829 | fund_code=018956 | task_id=train_018956_161ae5cf89 | stage=direction_model_calibration_start | direction_model_calibration_start
2026-04-27 10:58:18,058 | INFO | train | request_id=6b962206b829 | fund_code=018956 | task_id=train_018956_161ae5cf89 | stage=direction_model_calibration_success | direction_model_calibration_success
2026-04-27 10:58:18,760 | INFO | train | request_id=6b962206b829 | fund_code=018956 | task_id=train_018956_161ae5cf89 | stage=direction_model_calibration_start | direction_model_calibration_start
2026-04-27 10:58:18,947 | INFO | train | request_id=6b962206b829 | fund_code=018956 | task_id=train_018956_161ae5cf89 | stage=direction_model_calibration_success | direction_model_calibration_success
2026-04-27 10:58:19,538 | INFO | train | request_id=6b962206b829 | fund_code=018956 | task_id=train_018956_161ae5cf89 | stage=direction_model_calibration_start | direction_model_calibration_start
2026-04-27 10:58:19,728 | INFO | train | request_id=6b962206b829 | fund_code=018956 | task_id=train_018956_161ae5cf89 | stage=direction_model_calibration_success | direction_model_calibration_success
2026-04-27 10:58:20,220 | INFO | train | request_id=6b962206b829 | fund_code=018956 | task_id=train_018956_161ae5cf89 | stage=direction_model_calibration_start | direction_model_calibration_start
2026-04-27 10:58:20,255 | INFO | train | request_id=6b962206b829 | fund_code=018956 | task_id=train_018956_161ae5cf89 | stage=direction_model_calibration_success | direction_model_calibration_success
2026-04-27 10:58:20,682 | INFO | train | request_id=6b962206b829 | fund_code=018956 | task_id=train_018956_161ae5cf89 | stage=direction_model_calibration_start | direction_model_calibration_start
2026-04-27 10:58:20,718 | INFO | train | request_id=6b962206b829 | fund_code=018956 | task_id=train_018956_161ae5cf89 | stage=direction_model_calibration_success | direction_model_calibration_success
2026-04-27 10:58:21,193 | INFO | train | request_id=6b962206b829 | fund_code=018956 | task_id=train_018956_161ae5cf89 | stage=direction_model_calibration_start | direction_model_calibration_start
2026-04-27 10:58:21,236 | INFO | train | request_id=6b962206b829 | fund_code=018956 | task_id=train_018956_161ae5cf89 | stage=direction_model_calibration_success | direction_model_calibration_success
2026-04-27 10:58:21,260 | INFO | train | request_id=6b962206b829 | fund_code=018956 | task_id=train_018956_161ae5cf89 | stage=direction_model_train_success | direction_model_train_success model=lightgbm_cls selector=mi_top10
2026-04-27 10:58:21,268 | INFO | train | request_id=6b962206b829 | fund_code=018956 | task_id=train_018956_161ae5cf89 | stage=regime_interval_start | regime_interval_start
2026-04-27 10:58:21,280 | INFO | train | request_id=6b962206b829 | fund_code=018956 | task_id=train_018956_161ae5cf89 | stage=regime_interval_success | regime_interval_success
2026-04-27 10:58:21,284 | INFO | train | request_id=6b962206b829 | fund_code=018956 | task_id=train_018956_161ae5cf89 | stage=strong_signal_eval_start | strong_signal_eval_start
2026-04-27 10:58:21,297 | INFO | train | request_id=6b962206b829 | fund_code=018956 | task_id=train_018956_161ae5cf89 | stage=strong_signal_eval_success | strong_signal_eval_success count=55
2026-04-27 10:58:21,299 | INFO | train | request_id=6b962206b829 | fund_code=018956 | task_id=train_018956_161ae5cf89 | stage=excess_model_train_start | excess_model_train_start
2026-04-27 10:58:21,332 | INFO | train | request_id=6b962206b829 | fund_code=018956 | task_id=train_018956_161ae5cf89 | stage=excess_model_train_start | excess_model_train_success target=excess_cyb corr=0.335 auc=0.6591995221027479
2026-04-27 10:58:21,357 | INFO | train | request_id=6b962206b829 | fund_code=018956 | task_id=train_018956_161ae5cf89 | stage=excess_model_train_start | excess_model_train_success target=excess_kcb50 corr=0.273 auc=0.5884109916367981
2026-04-27 10:58:21,379 | INFO | train | request_id=6b962206b829 | fund_code=018956 | task_id=train_018956_161ae5cf89 | stage=excess_model_train_start | excess_model_train_success target=excess_top10 corr=0.266 auc=0.5940993788819876
2026-04-27 10:58:21,399 | INFO | train | request_id=6b962206b829 | fund_code=018956 | task_id=train_018956_161ae5cf89 | stage=excess_model_train_start | excess_model_train_success target=excess_theme corr=0.323 auc=0.6278375149342892
2026-04-27 10:58:21,399 | INFO | train | request_id=6b962206b829 | fund_code=018956 | task_id=train_018956_161ae5cf89 | stage=excess_model_train_success | excess_model_train_success models=['excess_cyb', 'excess_kcb50', 'excess_top10', 'excess_theme']
2026-04-27 10:58:21,400 | INFO | train | request_id=6b962206b829 | fund_code=018956 | task_id=train_018956_161ae5cf89 | stage=exposure_stability_check_start | exposure_stability_check_start
2026-04-27 10:58:21,400 | INFO | train | request_id=6b962206b829 | fund_code=018956 | task_id=train_018956_161ae5cf89 | stage=exposure_stability_check_success | exposure_stability_check_success shift_flag=False
2026-04-27 10:58:21,401 | INFO | train | request_id=6b962206b829 | fund_code=018956 | task_id=train_018956_161ae5cf89 | stage=lead_lag_diagnostics_start | lead_lag_diagnostics_start
2026-04-27 10:58:21,402 | INFO | train | request_id=6b962206b829 | fund_code=018956 | task_id=train_018956_161ae5cf89 | stage=lead_lag_diagnostics_success | lead_lag_diagnostics_success best_lag=minus_1 corr=0.580
2026-04-27 10:58:21,402 | INFO | train | request_id=6b962206b829 | fund_code=018956 | task_id=train_018956_161ae5cf89 | stage=turning_point_diagnostics_start | turning_point_diagnostics_start
2026-04-27 10:58:21,402 | INFO | train | request_id=6b962206b829 | fund_code=018956 | task_id=train_018956_161ae5cf89 | stage=turning_point_diagnostics_success | turning_point_diagnostics_success count=67 same_day_rate=0.313
2026-04-27 10:58:21,431 | INFO | train | request_id=6b962206b829 | fund_code=018956 | task_id=train_018956_161ae5cf89 | stage=model_saved | model_saved fund_code=018956 point_model=bayesian_ridge direction_model=lightgbm_cls
